[debug] [2017-11-06T21:47:20.750Z] ----------------------------------------------------------------------
[debug] [2017-11-06T21:47:20.752Z] Command:       /usr/local/Cellar/node/8.3.0_1/bin/node /usr/local/bin/firebase serve
[debug] [2017-11-06T21:47:20.752Z] CLI Version:   3.14.0
[debug] [2017-11-06T21:47:20.752Z] Platform:      darwin
[debug] [2017-11-06T21:47:20.752Z] Node Version:  v8.3.0
[debug] [2017-11-06T21:47:20.753Z] Time:          Mon Nov 06 2017 16:47:20 GMT-0500 (EST)
[debug] [2017-11-06T21:47:20.753Z] ----------------------------------------------------------------------
[debug] 
[debug] [2017-11-06T21:47:20.764Z] > command requires scopes: ["email","openid","https://www.googleapis.com/auth/cloudplatformprojects.readonly","https://www.googleapis.com/auth/firebase","https://www.googleapis.com/auth/cloud-platform"]
[debug] [2017-11-06T21:47:20.764Z] > authorizing via signed-in user
[debug] [2017-11-06T21:47:20.766Z] > refreshing access token with scopes: ["email","https://www.googleapis.com/auth/cloud-platform","https://www.googleapis.com/auth/cloudplatformprojects.readonly","https://www.googleapis.com/auth/firebase","openid"]
[debug] [2017-11-06T21:47:20.766Z] >>> HTTP REQUEST POST https://www.googleapis.com/oauth2/v3/token { refresh_token: '1/BX-Ma7WR52bVD1QZmv558UFiUNzaqYgp5eaLqsPZ2eU',
  client_id: '563584335869-fgrhgmd47bqnekij5i8b5pr03ho849e6.apps.googleusercontent.com',
  client_secret: 'j9iVZfS8kkCEFUPaAeJV0sAi',
  grant_type: 'refresh_token',
  scope: 'email https://www.googleapis.com/auth/cloud-platform https://www.googleapis.com/auth/cloudplatformprojects.readonly https://www.googleapis.com/auth/firebase openid' } 
 Mon Nov 06 2017 16:47:20 GMT-0500 (EST)
[debug] [2017-11-06T21:47:21.227Z] <<< HTTP RESPONSE 200
[debug] [2017-11-06T21:47:21.241Z] >>> HTTP REQUEST GET https://admin.firebase.com/v1/projects/eatbeercrawl  
 Mon Nov 06 2017 16:47:21 GMT-0500 (EST)
[debug] [2017-11-06T21:47:21.798Z] <<< HTTP RESPONSE 200
[debug] [2017-11-06T21:47:21.799Z] >>> HTTP REQUEST GET https://admin.firebase.com/v1/database/eatbeercrawl/tokens  
 Mon Nov 06 2017 16:47:21 GMT-0500 (EST)
[debug] [2017-11-06T21:47:22.177Z] <<< HTTP RESPONSE 200
[info] 
[info] === Serving from '/Users/justinrice/Desktop/UNH/Homeworks/eatbeercrawl/eatbeercrawl'...
[info] 
[debug] [2017-11-06T21:47:22.180Z] >>> HTTP REQUEST GET https://cloudresourcemanager.googleapis.com/v1/projects/eatbeercrawl  
 Mon Nov 06 2017 16:47:22 GMT-0500 (EST)
[debug] [2017-11-06T21:47:22.494Z] <<< HTTP RESPONSE 200
[debug] [2017-11-06T21:47:22.494Z] >>> HTTP REQUEST GET https://mobilesdk-pa.googleapis.com/v1/projects/598266543914/clients/_:getWebAppConfig  
 Mon Nov 06 2017 16:47:22 GMT-0500 (EST)
[debug] [2017-11-06T21:47:22.965Z] <<< HTTP RESPONSE 200
[info] i  hosting: Serving hosting files from: public
[info] ✔  hosting: Local server: http://localhost:5000

